\o Program:		@(#)$CDS: libManager version 6.1.8 - CAT37 05/08/2020 20:50 (sjfhw876) $
\o Sub version:		sub-version  s123 
\o Arguments:		-mpssession virtuoso6553 -mpshost iccad3.uwaterloo.ca 
\o Working Directory:	iccad3.uwaterloo.ca:/home/oelayat/ece637_proj1/oelayat_proj3
\o 64-bit offsets
\o Qt version: 		5.9.1
\o Log file is "/home/oelayat/ece637_proj1/oelayat_proj3/libManager.log".
\o Opening libManager window.
\a nrResizeWindow(cdsLibManager list(8 31 602 491))
\a nrSetCurrentWindow(cdsLibManager)
\o changeWorkingDir("/home/oelayat/ece637_proj1/oelayat_proj3") unnecessary.
\o ddSetForcedLib("") unnecessary.
\o MPS service: map window
\o Library Manager customization server connected.
\a nrSetCurrentWindow(cdsLibManager)
\a nrSetCurrentWindow(cdsLibManager)
\a cdsLibManager->libListBox->value = "oelayat_proj3"
\a cdsLibManager->libLineEdit->value = "oelayat_proj3"
\a lmgrLogShowPopup("mainListPopup1" 43 25 2 "")
\a cdsLibManager->libLineEdit->value = ""
\a cdsLibManager->libListBox->value = nil
\a nrListItemAction(cdsLibManager->libListBox "oelayat_proj3" 0)
\a cdsLibManager->libListBox->value = "oelayat_proj3"
\a cdsLibManager->libLineEdit->value = "oelayat_proj3"
\a cdsLibManager->FileNewCVButton->value = t
\a cdsLibManager->libListBox->value = nil
\a cdsLibManager->libLineEdit->value = ""
\a cdsLibManager->libListBox->value = "oelayat_proj3"
\a cdsLibManager->libLineEdit->value = "oelayat_proj3"
\a nrSetCurrentWindow(cdsLibManager)
\a nrSetWindowVisibility(cdsLibManager "hide")
\a _lmgrCloseIconify("cdsLibManager" 1)
\a nrSetWindowVisibility(cdsLibManager "show")
\a _lmgrCloseIconify("cdsLibManager" 0)
\o MPS service: shutdown
\o libManager is exiting.
\a exit(0)
